#
# A fatal error has been detected by the Java Runtime Environment:
#
#  EXCEPTION_ACCESS_VIOLATION (0xc0000005) at pc=0x00007ffcae7862a9, pid=30244, tid=34344
#
# JRE version: Java(TM) SE Runtime Environment (17.0.9+11) (build 17.0.9+11-LTS-201)
# Java VM: Java HotSpot(TM) 64-Bit Server VM (17.0.9+11-LTS-201, mixed mode, sharing, tiered, compressed oops, compressed class ptrs, g1 gc, windows-amd64)
# Problematic frame:
# V  [jvm.dll+0x3062a9]
#
# No core dump will be written. Minidumps are not enabled by default on client versions of Windows
#
# If you would like to submit a bug report, please visit:
#   https://bugreport.java.com/bugreport/crash.jsp
#

---------------  S U M M A R Y ------------

Command Line: -Dmaven.multiModuleProjectDirectory=D:\Project\peiziChat\XMPP R&D\xmppProjectSample -Djansi.passthrough=true -Dmaven.home=C:\Users\arang\AppData\Local\Programs\IntelliJ IDEA Community Edition\plugins\maven\lib\maven3 -Dclassworlds.conf=C:\Users\arang\AppData\Local\Programs\IntelliJ IDEA Community Edition\plugins\maven\lib\maven3\bin\m2.conf -Dmaven.ext.class.path=C:\Users\arang\AppData\Local\Programs\IntelliJ IDEA Community Edition\plugins\maven\lib\maven-event-listener.jar -javaagent:C:\Users\arang\AppData\Local\Programs\IntelliJ IDEA Community Edition\lib\idea_rt.jar=51171:C:\Users\arang\AppData\Local\Programs\IntelliJ IDEA Community Edition\bin -Dfile.encoding=UTF-8 org.codehaus.classworlds.Launcher -Didea.version=2024.1.4 install

Host: AMD Ryzen 7 5700U with Radeon Graphics         , 16 cores, 15G,  Windows 11 , 64 bit Build 22621 (10.0.22621.3672)
Time: Tue Jul  2 15:23:59 2024 Sri Lanka Standard Time elapsed time: 4.501435 seconds (0d 0h 0m 4s)

---------------  T H R E A D  ---------------

Current thread (0x000001880ba6b3c0):  GCTaskThread "GC Thread#10" [stack: 0x00000039d0000000,0x00000039d0100000] [id=34344]

Stack: [0x00000039d0000000,0x00000039d0100000],  sp=0x00000039d00fe050,  free space=1016k
Native frames: (J=compiled Java code, j=interpreted, Vv=VM code, C=native code)
V  [jvm.dll+0x3062a9]
V  [jvm.dll+0x302fee]
V  [jvm.dll+0x3163a5]
V  [jvm.dll+0x667819]
V  [jvm.dll+0x2c7dab]
V  [jvm.dll+0x2c7854]
V  [jvm.dll+0x2c77e5]
V  [jvm.dll+0x78d576]
V  [jvm.dll+0x78d409]
V  [jvm.dll+0x78d9e6]
V  [jvm.dll+0x31697c]
V  [jvm.dll+0x316815]
V  [jvm.dll+0x2ddc64]
V  [jvm.dll+0x2df55b]
V  [jvm.dll+0x807b5b]
V  [jvm.dll+0x807ba6]
V  [jvm.dll+0x78998a]
V  [jvm.dll+0x677875]
C  [ucrtbase.dll+0x29333]
C  [KERNEL32.DLL+0x1257d]
C  [ntdll.dll+0x5af28]

JavaThread 0x00000187a1a83ac0 (nid = 26448) was being processed
Java frames: (J=compiled Java code, j=interpreted, Vv=VM code)
j  lombok.launch.ShadowClassLoader.urlToDefineClass(Ljava/lang/String;Ljava/net/URL;Z)Ljava/lang/Class;+12
j  lombok.launch.ShadowClassLoader.loadClass(Ljava/lang/String;Z)Ljava/lang/Class;+238
J 4784 c1 java.lang.ClassLoader.loadClass(Ljava/lang/String;)Ljava/lang/Class; java.base@17.0.9 (7 bytes) @ 0x00000187a9d1494c [0x00000187a9d14840+0x000000000000010c]
v  ~StubRoutines::call_stub
j  lombok.javac.Javac.<clinit>()V+45
v  ~StubRoutines::call_stub
j  lombok.javac.apt.LombokProcessor.placePostCompileAndDontMakeForceRoundDummiesHook()V+167
j  lombok.javac.apt.LombokProcessor.init(Ljavax/annotation/processing/ProcessingEnvironment;)V+48
j  lombok.core.AnnotationProcessor$JavacDescriptor.want(Ljavax/annotation/processing/ProcessingEnvironment;Ljava/util/List;)Z+135
j  lombok.core.AnnotationProcessor.init(Ljavax/annotation/processing/ProcessingEnvironment;)V+34
j  lombok.launch.AnnotationProcessorHider$AnnotationProcessor.init(Ljavax/annotation/processing/ProcessingEnvironment;)V+13
j  com.sun.tools.javac.processing.JavacProcessingEnvironment$ProcessorState.<init>(Ljavax/annotation/processing/Processor;Lcom/sun/tools/javac/util/Log;Lcom/sun/tools/javac/code/Source;Lcom/sun/tools/javac/code/DeferredCompletionFailureHandler;ZLjavax/annotation/processing/ProcessingEnvironment;Z)V+32 jdk.compiler@17.0.9
j  com.sun.tools.javac.processing.JavacProcessingEnvironment$DiscoveredProcessors$ProcessorStateIterator.next()Lcom/sun/tools/javac/processing/JavacProcessingEnvironment$ProcessorState;+134 jdk.compiler@17.0.9
j  com.sun.tools.javac.processing.JavacProcessingEnvironment.discoverAndRunProcs(Ljava/util/Set;Lcom/sun/tools/javac/util/List;Lcom/sun/tools/javac/util/List;Lcom/sun/tools/javac/util/List;)V+258 jdk.compiler@17.0.9
j  com.sun.tools.javac.processing.JavacProcessingEnvironment$Round.run(ZZ)V+111 jdk.compiler@17.0.9
j  com.sun.tools.javac.processing.JavacProcessingEnvironment.doProcessing(Lcom/sun/tools/javac/util/List;Lcom/sun/tools/javac/util/List;Ljava/lang/Iterable;Lcom/sun/tools/javac/util/Log$DeferredDiagnosticHandler;)Z+145 jdk.compiler@17.0.9
j  com.sun.tools.javac.main.JavaCompiler.processAnnotations(Lcom/sun/tools/javac/util/List;Ljava/util/Collection;)V+438 jdk.compiler@17.0.9
j  com.sun.tools.javac.main.JavaCompiler.compile(Ljava/util/Collection;Ljava/util/Collection;Ljava/lang/Iterable;Ljava/util/Collection;)V+308 jdk.compiler@17.0.9
j  com.sun.tools.javac.api.JavacTaskImpl.lambda$doCall$0()Lcom/sun/tools/javac/main/Main$Result;+45 jdk.compiler@17.0.9
j  com.sun.tools.javac.api.JavacTaskImpl$$Lambda$243+0x00000187c6280bb0.call()Ljava/lang/Object;+4 jdk.compiler@17.0.9
j  com.sun.tools.javac.api.JavacTaskImpl.invocationHelper(Ljava/util/concurrent/Callable;)Lcom/sun/tools/javac/util/Pair;+20 jdk.compiler@17.0.9
j  com.sun.tools.javac.api.JavacTaskImpl.doCall()Lcom/sun/tools/javac/main/Main$Result;+7 jdk.compiler@17.0.9
j  com.sun.tools.javac.api.JavacTaskImpl.call()Ljava/lang/Boolean;+1 jdk.compiler@17.0.9
j  org.codehaus.plexus.compiler.javac.JavaxToolsCompiler.compileInProcess([Ljava/lang/String;Lorg/codehaus/plexus/compiler/CompilerConfiguration;[Ljava/lang/String;)Lorg/codehaus/plexus/compiler/CompilerResult;+136
j  org.codehaus.plexus.compiler.javac.JavacCompiler.performCompile(Lorg/codehaus/plexus/compiler/CompilerConfiguration;)Lorg/codehaus/plexus/compiler/CompilerResult;+137
j  org.apache.maven.plugin.compiler.AbstractCompilerMojo.execute()V+3680
j  org.apache.maven.plugin.compiler.CompilerMojo.execute()V+44
j  org.apache.maven.plugin.DefaultBuildPluginManager.executeMojo(Lorg/apache/maven/execution/MavenSession;Lorg/apache/maven/plugin/MojoExecution;)V+152
j  org.apache.maven.lifecycle.internal.MojoExecutor.doExecute2(Lorg/apache/maven/execution/MavenSession;Lorg/apache/maven/plugin/MojoExecution;)V+20
j  org.apache.maven.lifecycle.internal.MojoExecutor.doExecute(Lorg/apache/maven/execution/MavenSession;Lorg/apache/maven/plugin/MojoExecution;Lorg/apache/maven/lifecycle/internal/ProjectIndex;Lorg/apache/maven/lifecycle/internal/DependencyContext;)V+40
j  org.apache.maven.lifecycle.internal.MojoExecutor.execute(Lorg/apache/maven/execution/MavenSession;Lorg/apache/maven/plugin/MojoExecution;Lorg/apache/maven/lifecycle/internal/ProjectIndex;Lorg/apache/maven/lifecycle/internal/DependencyContext;)V+183
j  org.apache.maven.lifecycle.internal.MojoExecutor.execute(Lorg/apache/maven/execution/MavenSession;Lorg/apache/maven/plugin/MojoExecution;Lorg/apache/maven/lifecycle/internal/ProjectIndex;Lorg/apache/maven/lifecycle/internal/DependencyContext;Lorg/apache/maven/lifecycle/internal/PhaseRecorder;)V+6
j  org.apache.maven.lifecycle.internal.MojoExecutor.access$000(Lorg/apache/maven/lifecycle/internal/MojoExecutor;Lorg/apache/maven/execution/MavenSession;Lorg/apache/maven/plugin/MojoExecution;Lorg/apache/maven/lifecycle/internal/ProjectIndex;Lorg/apache/maven/lifecycle/internal/DependencyContext;Lorg/apache/maven/lifecycle/internal/PhaseRecorder;)V+8
j  org.apache.maven.lifecycle.internal.MojoExecutor$1.run(Lorg/apache/maven/plugin/MojoExecution;)V+21
j  org.apache.maven.plugin.DefaultMojosExecutionStrategy.execute(Ljava/util/List;Lorg/apache/maven/execution/MavenSession;Lorg/apache/maven/plugin/MojoExecutionRunner;)V+33
j  org.apache.maven.lifecycle.internal.MojoExecutor.execute(Lorg/apache/maven/execution/MavenSession;Ljava/util/List;Lorg/apache/maven/lifecycle/internal/ProjectIndex;)V+72
j  org.apache.maven.lifecycle.internal.LifecycleModuleBuilder.buildProject(Lorg/apache/maven/execution/MavenSession;Lorg/apache/maven/execution/MavenSession;Lorg/apache/maven/lifecycle/internal/ReactorContext;Lorg/apache/maven/project/MavenProject;Lorg/apache/maven/lifecycle/internal/TaskSegment;)V+151
j  org.apache.maven.lifecycle.internal.LifecycleModuleBuilder.buildProject(Lorg/apache/maven/execution/MavenSession;Lorg/apache/maven/lifecycle/internal/ReactorContext;Lorg/apache/maven/project/MavenProject;Lorg/apache/maven/lifecycle/internal/TaskSegment;)V+7
j  org.apache.maven.lifecycle.internal.builder.singlethreaded.SingleThreadedBuilder.build(Lorg/apache/maven/execution/MavenSession;Lorg/apache/maven/lifecycle/internal/ReactorContext;Lorg/apache/maven/lifecycle/internal/ProjectBuildList;Ljava/util/List;Lorg/apache/maven/lifecycle/internal/ReactorBuildStatus;)V+77
j  org.apache.maven.lifecycle.internal.LifecycleStarter.execute(Lorg/apache/maven/execution/MavenSession;)V+343
j  org.apache.maven.DefaultMaven.doExecute(Lorg/apache/maven/execution/MavenExecutionRequest;Lorg/apache/maven/execution/MavenSession;Lorg/apache/maven/execution/MavenExecutionResult;Lorg/eclipse/aether/DefaultRepositorySystemSession;)Lorg/apache/maven/execution/MavenExecutionResult;+418
j  org.apache.maven.DefaultMaven.doExecute(Lorg/apache/maven/execution/MavenExecutionRequest;)Lorg/apache/maven/execution/MavenExecutionResult;+98
j  org.apache.maven.DefaultMaven.execute(Lorg/apache/maven/execution/MavenExecutionRequest;)Lorg/apache/maven/execution/MavenExecutionResult;+2
j  org.apache.maven.cli.MavenCli.execute(Lorg/apache/maven/cli/CliRequest;)I+27
j  org.apache.maven.cli.MavenCli.doMain(Lorg/apache/maven/cli/CliRequest;)I+66
j  org.apache.maven.cli.MavenCli.main([Ljava/lang/String;Lorg/codehaus/plexus/classworlds/ClassWorld;)I+24
v  ~StubRoutines::call_stub
j  jdk.internal.reflect.NativeMethodAccessorImpl.invoke0(Ljava/lang/reflect/Method;Ljava/lang/Object;[Ljava/lang/Object;)Ljava/lang/Object;+0 java.base@17.0.9
j  jdk.internal.reflect.NativeMethodAccessorImpl.invoke(Ljava/lang/Object;[Ljava/lang/Object;)Ljava/lang/Object;+133 java.base@17.0.9
j  jdk.internal.reflect.DelegatingMethodAccessorImpl.invoke(Ljava/lang/Object;[Ljava/lang/Object;)Ljava/lang/Object;+6 java.base@17.0.9
j  java.lang.reflect.Method.invoke(Ljava/lang/Object;[Ljava/lang/Object;)Ljava/lang/Object;+59 java.base@17.0.9
j  org.codehaus.plexus.classworlds.launcher.Launcher.launchEnhanced([Ljava/lang/String;)V+45
j  org.codehaus.plexus.classworlds.launcher.Launcher.launch([Ljava/lang/String;)V+2
j  org.codehaus.plexus.classworlds.launcher.Launcher.mainWithExitCode([Ljava/lang/String;)I+108
j  org.codehaus.plexus.classworlds.launcher.Launcher.main([Ljava/lang/String;)V+1
j  org.codehaus.classworlds.Launcher.main([Ljava/lang/String;)V+1
v  ~StubRoutines::call_stub

siginfo: EXCEPTION_ACCESS_VIOLATION (0xc0000005), reading address 0x0000000510f5d108


Register to memory mapping:

RIP=0x00007ffcae7862a9 jvm.dll
RAX=0x0 is NULL
RBX=0x000000070bc582f9 is pointing into object: [Ljava.util.HashMap$Node; 
{0x000000070bc57de0} - klass: 'java/util/HashMap$Node'[]
 - length: 32768
RCX=0x0000000000000015 is an unknown value
RDX=0x0 is NULL
RSP=0x00000039d00fe050 points into unknown readable memory: 0x0000000711000002 | 02 00 00 11 07 00 00 00
RBP=0x000000000000037c is an unknown value
RSI=0x000000070bc582f8 is pointing into object: [Ljava.util.HashMap$Node; 
{0x000000070bc57de0} - klass: 'java/util/HashMap$Node'[]
 - length: 32768
RDI=0x000001880ba4a5b0 points into unknown readable memory: 0x00007ffcaed7fee8 | e8 fe d7 ae fc 7f 00 00
R8 =0x0000000000003860 is an unknown value
R9 =0x0000000000000508 is an unknown value
R10=0x0000000510f5d108 is an unknown value
R11=0x0000000000000001 is an unknown value
R12=0x0000018806b5d5e8 points into unknown readable memory: 0x88000e00ab4ef5a6 | a6 f5 4e ab 00 0e 00 88
R13=0x00000039d00fe240 points into unknown readable memory: 0x0000018808734cf0 | f0 4c 73 08 88 01 00 00
R14=0x0000000000000040 is an unknown value
R15=0x0 is NULL


Registers:
RAX=0x0000000000000000, RBX=0x000000070bc582f9, RCX=0x0000000000000015, RDX=0x0000000000000000
RSP=0x00000039d00fe050, RBP=0x000000000000037c, RSI=0x000000070bc582f8, RDI=0x000001880ba4a5b0
R8 =0x0000000000003860, R9 =0x0000000000000508, R10=0x0000000510f5d108, R11=0x0000000000000001
R12=0x0000018806b5d5e8, R13=0x00000039d00fe240, R14=0x0000000000000040, R15=0x0000000000000000
RIP=0x00007ffcae7862a9, EFLAGS=0x0000000000010246

Top of Stack: (sp=0x00000039d00fe050)
0x00000039d00fe050:   0000000711000002 000000000000037a
0x00000039d00fe060:   00000187a1a9c1d0 0000000000000009
0x00000039d00fe070:   000000000000000d 00000039d00fe1d0
0x00000039d00fe080:   00000039cdbfd440 0000000002a91155
0x00000039d00fe090:   0000000000000008 00007ffcae782fee
0x00000039d00fe0a0:   0000000000000020 000001880ba4a5b0
0x00000039d00fe0b0:   00000039d00fe1d0 00000039d00fe240
0x00000039d00fe0c0:   0000000002a9935c 0000000000000000
0x00000039d00fe0d0:   0000000002a91155 0000000000000008
0x00000039d00fe0e0:   000001880c7ad478 00007ffcae7963a5
0x00000039d00fe0f0:   0000000000000000 0000018806b50100
0x00000039d00fe100:   0000000000000000 0000000000000009
0x00000039d00fe110:   0000000000000002 00007ffcaeae7819
0x00000039d00fe120:   0000000000000010 0000000002a91155
0x00000039d00fe130:   0000000000000020 00000039d00fe240
0x00000039d00fe140:   000001880c7ad470 0000000000000020 

Instructions: (pc=0x00007ffcae7862a9)
0x00007ffcae7861a9:   ff 48 8d 53 fe 48 8b cf e8 5a f4 ff ff e9 35 fd
0x00007ffcae7861b9:   ff ff 0f 1f 44 00 00 48 8b 77 10 8b ae 80 00 00
0x00007ffcae7861c9:   00 8b cd 8b 86 00 01 00 00 2b c8 81 e1 ff ff 01
0x00007ffcae7861d9:   00 41 3b ce 0f 86 e9 02 00 00 ff cd 81 e5 ff ff
0x00007ffcae7861e9:   01 00 89 ae 80 00 00 00 e8 1a 3b 36 00 90 8b d5
0x00007ffcae7861f9:   8b 86 00 01 00 00 8b cd 48 8b 9e 80 01 00 00 2b
0x00007ffcae786209:   c8 81 e1 ff ff 01 00 81 f9 ff ff 01 00 48 8b 1c
0x00007ffcae786219:   eb 41 0f 44 cf 85 c9 75 3d 90 89 6c 24 50 48 8b
0x00007ffcae786229:   86 00 01 00 00 48 8b c8 48 c1 e9 20 ff c1 89 4c
0x00007ffcae786239:   24 54 3b e8 0f 85 77 02 00 00 48 c1 e1 20 48 0b
0x00007ffcae786249:   ca f0 48 0f b1 8e 00 01 00 00 0f 85 61 02 00 00
0x00007ffcae786259:   8b 86 00 01 00 00 f6 c3 01 0f 84 2f 01 00 00 8b
0x00007ffcae786269:   0d 4a c0 79 00 48 8d 73 ff 48 8b 47 08 44 8b 16
0x00007ffcae786279:   49 d3 e2 4c 03 15 2d c0 79 00 8b 88 90 05 00 00
0x00007ffcae786289:   49 8b d2 48 8b 80 80 05 00 00 48 d3 ea 0f b7 14
0x00007ffcae786299:   50 0f b7 c2 66 c1 e8 08 84 c0 0f 88 17 ff ff ff
0x00007ffcae7862a9:   4d 8b 02 41 0f b6 c0 24 03 3c 03 75 1e 44 38 3d
0x00007ffcae7862b9:   88 3c 80 00 74 0f 41 0f b6 c0 24 07 3c 05 75 05
0x00007ffcae7862c9:   4d 8b c7 eb 17 49 83 e0 fc eb 11 4d 8b c8 48 8b
0x00007ffcae7862d9:   cf 4d 8b c2 e8 6e ee ff ff 4c 8b c0 8b 0d cd bf
0x00007ffcae7862e9:   79 00 49 8b d0 48 2b 15 bb bf 79 00 48 d3 ea 89
0x00007ffcae7862f9:   16 49 8b d0 8b 0d ed 44 80 00 48 33 d6 48 d3 ea
0x00007ffcae786309:   48 85 d2 0f 84 ae fe ff ff 48 8b 47 08 48 8b d6
0x00007ffcae786319:   8b 88 c0 01 00 00 48 8b 80 b0 01 00 00 48 d3 ea
0x00007ffcae786329:   48 8b 0c d0 8b 81 94 00 00 00 d1 e8 a8 01 0f 85
0x00007ffcae786339:   83 fe ff ff 48 8b 47 08 8b 88 90 05 00 00 48 8b
0x00007ffcae786349:   80 80 05 00 00 49 d3 e8 46 38 3c 40 0f 84 65 fe
0x00007ffcae786359:   ff ff 48 8b 47 60 48 c1 ee 09 48 8b 58 40 48 8b
0x00007ffcae786369:   48 38 48 03 de 48 2b d9 48 39 9f b0 01 00 00 0f
0x00007ffcae786379:   84 42 fe ff ff 48 8d 14 0b 48 8d 4f 18 e8 65 40
0x00007ffcae786389:   00 00 48 89 9f b0 01 00 00 e9 29 fe ff ff f6 c3
0x00007ffcae786399:   03 0f 85 09 01 00 00 48 8b 47 08 4c 8b 13 49 8b 


Stack slot to memory mapping:
stack at sp + 0 slots: 0x0000000711000002 is pointing into object: [Ljava.util.HashMap$Node; 
{0x0000000711000000} - klass: 'java/util/HashMap$Node'[]
 - length: 32768
stack at sp + 1 slots: 0x000000000000037a is an unknown value
stack at sp + 2 slots: 0x00000187a1a9c1d0 points into unknown readable memory: 0x0000000000000000 | 00 00 00 00 00 00 00 00
stack at sp + 3 slots: 0x0000000000000009 is an unknown value
stack at sp + 4 slots: 0x000000000000000d is an unknown value
stack at sp + 5 slots: 0x00000039d00fe1d0 points into unknown readable memory: 0x00007ffcaed784c8 | c8 84 d7 ae fc 7f 00 00
stack at sp + 6 slots: 0x00000039cdbfd440 is pointing into the stack for thread: 0x00000187a1a83ac0
stack at sp + 7 slots: 0x0000000002a91155 is an unknown value


---------------  P R O C E S S  ---------------

Threads class SMR info:
_java_thread_list=0x000001880c031a10, length=19, elements={
0x00000187a1a83ac0, 0x0000018806016260, 0x0000018806016ee0, 0x00000188060267c0,
0x00000188060291a0, 0x000001880602a780, 0x000001880602b140, 0x000001880602bee0,
0x00000188060356e0, 0x0000018806040e40, 0x000001880613bb50, 0x0000018806144490,
0x00000188061479d0, 0x00000188061acb70, 0x00000188061ad050, 0x00000188068d2ea0,
0x000001880682ad30, 0x0000018806bdb090, 0x0000018806bdb5b0
}

Java Threads: ( => current thread )
  0x00000187a1a83ac0 JavaThread "main" [_thread_blocked, id=26448, stack(0x00000039cdb00000,0x00000039cdc00000)]
  0x0000018806016260 JavaThread "Reference Handler" daemon [_thread_blocked, id=29740, stack(0x00000039ce200000,0x00000039ce300000)]
  0x0000018806016ee0 JavaThread "Finalizer" daemon [_thread_blocked, id=30456, stack(0x00000039ce300000,0x00000039ce400000)]
  0x00000188060267c0 JavaThread "Signal Dispatcher" daemon [_thread_blocked, id=29816, stack(0x00000039ce400000,0x00000039ce500000)]
  0x00000188060291a0 JavaThread "Attach Listener" daemon [_thread_blocked, id=12860, stack(0x00000039ce500000,0x00000039ce600000)]
  0x000001880602a780 JavaThread "Service Thread" daemon [_thread_blocked, id=32164, stack(0x00000039ce600000,0x00000039ce700000)]
  0x000001880602b140 JavaThread "Monitor Deflation Thread" daemon [_thread_blocked, id=13624, stack(0x00000039ce700000,0x00000039ce800000)]
  0x000001880602bee0 JavaThread "C2 CompilerThread0" daemon [_thread_blocked, id=22464, stack(0x00000039ce800000,0x00000039ce900000)]
  0x00000188060356e0 JavaThread "C1 CompilerThread0" daemon [_thread_blocked, id=16572, stack(0x00000039ce900000,0x00000039cea00000)]
  0x0000018806040e40 JavaThread "Sweeper thread" daemon [_thread_blocked, id=28632, stack(0x00000039cea00000,0x00000039ceb00000)]
  0x000001880613bb50 JavaThread "Common-Cleaner" daemon [_thread_blocked, id=10224, stack(0x00000039ceb00000,0x00000039cec00000)]
  0x0000018806144490 JavaThread "C1 CompilerThread1" daemon [_thread_blocked, id=28924, stack(0x00000039cec00000,0x00000039ced00000)]
  0x00000188061479d0 JavaThread "C1 CompilerThread2" daemon [_thread_blocked, id=15308, stack(0x00000039ced00000,0x00000039cee00000)]
  0x00000188061acb70 JavaThread "Monitor Ctrl-Break" daemon [_thread_in_native, id=27968, stack(0x00000039cee00000,0x00000039cef00000)]
  0x00000188061ad050 JavaThread "Notification Thread" daemon [_thread_blocked, id=9140, stack(0x00000039cef00000,0x00000039cf000000)]
  0x00000188068d2ea0 JavaThread "C1 CompilerThread3" daemon [_thread_blocked, id=21772, stack(0x00000039cf100000,0x00000039cf200000)]
  0x000001880682ad30 JavaThread "C2 CompilerThread1" daemon [_thread_blocked, id=17220, stack(0x00000039cf200000,0x00000039cf300000)]
  0x0000018806bdb090 JavaThread "C2 CompilerThread2" daemon [_thread_blocked, id=2724, stack(0x00000039cfa00000,0x00000039cfb00000)]
  0x0000018806bdb5b0 JavaThread "C2 CompilerThread3" daemon [_thread_blocked, id=26064, stack(0x00000039cfb00000,0x00000039cfc00000)]

Other Threads:
  0x000001880600f740 VMThread "VM Thread" [stack: 0x00000039ce100000,0x00000039ce200000] [id=5056]
  0x0000018806224890 WatcherThread [stack: 0x00000039cf000000,0x00000039cf100000] [id=24040]
  0x00000187a1aec020 GCTaskThread "GC Thread#0" [stack: 0x00000039cdc00000,0x00000039cdd00000] [id=19700]
  0x0000018806ac8bc0 GCTaskThread "GC Thread#1" [stack: 0x00000039cf300000,0x00000039cf400000] [id=29012]
  0x0000018806b4b310 GCTaskThread "GC Thread#2" [stack: 0x00000039cf400000,0x00000039cf500000] [id=16464]
  0x0000018806b4b5d0 GCTaskThread "GC Thread#3" [stack: 0x00000039cf500000,0x00000039cf600000] [id=15416]
  0x0000018806b9f740 GCTaskThread "GC Thread#4" [stack: 0x00000039cf600000,0x00000039cf700000] [id=24864]
  0x0000018806bdeb70 GCTaskThread "GC Thread#5" [stack: 0x00000039cf700000,0x00000039cf800000] [id=31984]
  0x0000018806b944f0 GCTaskThread "GC Thread#6" [stack: 0x00000039cf800000,0x00000039cf900000] [id=31492]
  0x0000018806b947b0 GCTaskThread "GC Thread#7" [stack: 0x00000039cf900000,0x00000039cfa00000] [id=5044]
  0x000001880c0b2050 GCTaskThread "GC Thread#8" [stack: 0x00000039cfe00000,0x00000039cff00000] [id=32492]
  0x000001880b80a750 GCTaskThread "GC Thread#9" [stack: 0x00000039cff00000,0x00000039d0000000] [id=23020]
=>0x000001880ba6b3c0 GCTaskThread "GC Thread#10" [stack: 0x00000039d0000000,0x00000039d0100000] [id=34344]
  0x000001880c468360 GCTaskThread "GC Thread#11" [stack: 0x00000039cfc00000,0x00000039cfd00000] [id=17012]
  0x000001880c467b20 GCTaskThread "GC Thread#12" [stack: 0x00000039cfd00000,0x00000039cfe00000] [id=28604]
  0x00000187a1afc4b0 ConcurrentGCThread "G1 Main Marker" [stack: 0x00000039cdd00000,0x00000039cde00000] [id=23140]
  0x00000187a1afedd0 ConcurrentGCThread "G1 Conc#0" [stack: 0x00000039cde00000,0x00000039cdf00000] [id=2400]
  0x000001880c468ba0 ConcurrentGCThread "G1 Conc#1" [stack: 0x00000039d0100000,0x00000039d0200000] [id=31992]
  0x000001880c468e60 ConcurrentGCThread "G1 Conc#2" [stack: 0x00000039d0200000,0x00000039d0300000] [id=12996]
  0x00000187a1b4e0a0 ConcurrentGCThread "G1 Refine#0" [stack: 0x00000039cdf00000,0x00000039ce000000] [id=33436]
  0x00000187a1b4e9d0 ConcurrentGCThread "G1 Service" [stack: 0x00000039ce000000,0x00000039ce100000] [id=31780]

Threads with active compile tasks:
C2 CompilerThread0     4528 5862       4       java.net.URLStreamHandler::parseURL (1201 bytes)
C2 CompilerThread1     4528 5830   !   4       com.sun.tools.javac.jvm.ClassReader::classSigToType (497 bytes)
C2 CompilerThread2     4528 5416   !   4       com.sun.tools.javac.file.JavacFileManager$ArchiveContainer::walkDirectories (134 bytes)
C2 CompilerThread3     4528 5868       4       java.io.WinNTFileSystem::normalize (224 bytes)

VM state: at safepoint (normal execution)

VM Mutex/Monitor currently owned by a thread:  ([mutex/lock_event])
[0x00000187a1a7e1b0] Threads_lock - owner thread: 0x000001880600f740
[0x00000187a1a7dca0] Heap_lock - owner thread: 0x00000187a1a83ac0

Heap address: 0x000000070ac00000, size: 3924 MB, Compressed Oops mode: Zero based, Oop shift amount: 3

CDS archive(s) mapped at: [0x00000187c5000000-0x00000187c5bd0000-0x00000187c5bd0000), size 12386304, SharedBaseAddress: 0x00000187c5000000, ArchiveRelocationMode: 1.
Compressed class space mapped at: 0x00000187c6000000-0x0000018806000000, reserved size: 1073741824
Narrow klass base: 0x00000187c5000000, Narrow klass shift: 0, Narrow klass range: 0x100000000

GC Precious Log:
 CPUs: 16 total, 16 available
 Memory: 15693M
 Large Page Support: Disabled
 NUMA Support: Disabled
 Compressed Oops: Enabled (Zero based)
 Heap Region Size: 2M
 Heap Min Capacity: 8M
 Heap Initial Capacity: 246M
 Heap Max Capacity: 3924M
 Pre-touch: Disabled
 Parallel Workers: 13
 Concurrent Workers: 3
 Concurrent Refinement Workers: 13
 Periodic GC: Disabled

Heap:
 garbage-first heap   total 90112K, used 59412K [0x000000070ac00000, 0x0000000800000000)
  region size 2048K, 22 young (45056K), 4 survivors (8192K)
 Metaspace       used 26935K, committed 27264K, reserved 1114112K
  class space    used 3095K, committed 3264K, reserved 1048576K

Heap Regions: E=young(eden), S=young(survivor), O=old, HS=humongous(starts), HC=humongous(continues), CS=collection set, F=free, OA=open archive, CA=closed archive, TAMS=top-at-mark-start (previous, next)
|   0|0x000000070ac00000, 0x000000070ae00000, 0x000000070ae00000|100%| O|  |TAMS 0x000000070ae00000, 0x000000070ac00000| Untracked 
|   1|0x000000070ae00000, 0x000000070afa2200, 0x000000070b000000| 81%| O|  |TAMS 0x000000070afa2200, 0x000000070ae00000| Complete 
|   2|0x000000070b000000, 0x000000070b200000, 0x000000070b200000|100%|HS|  |TAMS 0x000000070b200000, 0x000000070b000000| Complete 
|   3|0x000000070b200000, 0x000000070b400000, 0x000000070b400000|100%|HS|  |TAMS 0x000000070b400000, 0x000000070b200000| Complete 
|   4|0x000000070b400000, 0x000000070b600000, 0x000000070b600000|100%| O|  |TAMS 0x000000070b400000, 0x000000070b400000| Untracked 
|   5|0x000000070b600000, 0x000000070b800000, 0x000000070b800000|100%| O|  |TAMS 0x000000070b600000, 0x000000070b600000| Untracked 
|   6|0x000000070b800000, 0x000000070ba00000, 0x000000070ba00000|100%| O|  |TAMS 0x000000070b800000, 0x000000070b800000| Untracked 
|   7|0x000000070ba00000, 0x000000070bc00000, 0x000000070bc00000|100%| O|  |TAMS 0x000000070ba00000, 0x000000070ba00000| Untracked 
|   8|0x000000070bc00000, 0x000000070be00000, 0x000000070be00000|100%| O|  |TAMS 0x000000070bc00000, 0x000000070bc00000| Untracked 
|   9|0x000000070be00000, 0x000000070c000000, 0x000000070c000000|100%| O|  |TAMS 0x000000070be00000, 0x000000070be00000| Untracked 
|  10|0x000000070c000000, 0x000000070c200000, 0x000000070c200000|100%| O|  |TAMS 0x000000070c000000, 0x000000070c000000| Untracked 
|  11|0x000000070c200000, 0x000000070c400000, 0x000000070c400000|100%| O|  |TAMS 0x000000070c200000, 0x000000070c200000| Untracked 
|  12|0x000000070c400000, 0x000000070c45bdf0, 0x000000070c600000| 17%| O|  |TAMS 0x000000070c400000, 0x000000070c400000| Untracked 
|  13|0x000000070c600000, 0x000000070c600000, 0x000000070c800000|  0%| F|  |TAMS 0x000000070c600000, 0x000000070c600000| Untracked 
|  14|0x000000070c800000, 0x000000070ca00000, 0x000000070ca00000|100%| S|  |TAMS 0x000000070c800000, 0x000000070c800000| Complete 
|  15|0x000000070ca00000, 0x000000070cc00000, 0x000000070cc00000|100%| S|  |TAMS 0x000000070ca00000, 0x000000070ca00000| Complete 
|  16|0x000000070cc00000, 0x000000070ce00000, 0x000000070ce00000|100%| S|  |TAMS 0x000000070cc00000, 0x000000070cc00000| Complete 
|  17|0x000000070ce00000, 0x000000070d000000, 0x000000070d000000|100%| S|  |TAMS 0x000000070ce00000, 0x000000070ce00000| Complete 
|  18|0x000000070d000000, 0x000000070d200000, 0x000000070d200000|100%| E|CS|TAMS 0x000000070d000000, 0x000000070d000000| Complete 
|  19|0x000000070d200000, 0x000000070d400000, 0x000000070d400000|100%| E|CS|TAMS 0x000000070d200000, 0x000000070d200000| Complete 
|  20|0x000000070d400000, 0x000000070d600000, 0x000000070d600000|100%| E|CS|TAMS 0x000000070d400000, 0x000000070d400000| Complete 
|  21|0x000000070d600000, 0x000000070d800000, 0x000000070d800000|100%| E|CS|TAMS 0x000000070d600000, 0x000000070d600000| Complete 
|  22|0x000000070d800000, 0x000000070da00000, 0x000000070da00000|100%| E|CS|TAMS 0x000000070d800000, 0x000000070d800000| Complete 
|  23|0x000000070da00000, 0x000000070dc00000, 0x000000070dc00000|100%| E|CS|TAMS 0x000000070da00000, 0x000000070da00000| Complete 
|  24|0x000000070dc00000, 0x000000070de00000, 0x000000070de00000|100%| E|CS|TAMS 0x000000070dc00000, 0x000000070dc00000| Complete 
|  25|0x000000070de00000, 0x000000070e000000, 0x000000070e000000|100%| E|CS|TAMS 0x000000070de00000, 0x000000070de00000| Complete 
|  26|0x000000070e000000, 0x000000070e200000, 0x000000070e200000|100%| E|CS|TAMS 0x000000070e000000, 0x000000070e000000| Complete 
|  27|0x000000070e200000, 0x000000070e400000, 0x000000070e400000|100%| E|CS|TAMS 0x000000070e200000, 0x000000070e200000| Complete 
|  28|0x000000070e400000, 0x000000070e600000, 0x000000070e600000|100%| E|CS|TAMS 0x000000070e400000, 0x000000070e400000| Complete 
|  29|0x000000070e600000, 0x000000070e800000, 0x000000070e800000|100%| E|CS|TAMS 0x000000070e600000, 0x000000070e600000| Complete 
|  30|0x000000070e800000, 0x000000070ea00000, 0x000000070ea00000|100%| E|CS|TAMS 0x000000070e800000, 0x000000070e800000| Complete 
|  31|0x000000070ea00000, 0x000000070ec00000, 0x000000070ec00000|100%| E|CS|TAMS 0x000000070ea00000, 0x000000070ea00000| Complete 
|  32|0x000000070ec00000, 0x000000070ee00000, 0x000000070ee00000|100%| E|CS|TAMS 0x000000070ec00000, 0x000000070ec00000| Complete 
|  33|0x000000070ee00000, 0x000000070f000000, 0x000000070f000000|100%| E|CS|TAMS 0x000000070ee00000, 0x000000070ee00000| Complete 
|  34|0x000000070f000000, 0x000000070f200000, 0x000000070f200000|100%| E|CS|TAMS 0x000000070f000000, 0x000000070f000000| Complete 
|  48|0x0000000710c00000, 0x0000000710c631a0, 0x0000000710e00000| 19%| E|CS|TAMS 0x0000000710c00000, 0x0000000710c00000| Complete 
|  49|0x0000000710e00000, 0x0000000711000000, 0x0000000711000000|100%| E|CS|TAMS 0x0000000710e00000, 0x0000000710e00000| Complete 
|  50|0x0000000711000000, 0x0000000711200000, 0x0000000711200000|100%| E|CS|TAMS 0x0000000711000000, 0x0000000711000000| Complete 
|  51|0x0000000711200000, 0x0000000711400000, 0x0000000711400000|100%| E|CS|TAMS 0x0000000711200000, 0x0000000711200000| Complete 
|  52|0x0000000711400000, 0x0000000711600000, 0x0000000711600000|100%| E|CS|TAMS 0x0000000711400000, 0x0000000711400000| Complete 
|  53|0x0000000711600000, 0x0000000711800000, 0x0000000711800000|100%| E|CS|TAMS 0x0000000711600000, 0x0000000711600000| Complete 
|  54|0x0000000711800000, 0x0000000711a00000, 0x0000000711a00000|100%| E|CS|TAMS 0x0000000711800000, 0x0000000711800000| Complete 
|  55|0x0000000711a00000, 0x0000000711c00000, 0x0000000711c00000|100%| E|CS|TAMS 0x0000000711a00000, 0x0000000711a00000| Complete 
| 122|0x000000071a000000, 0x000000071a200000, 0x000000071a200000|100%| E|CS|TAMS 0x000000071a000000, 0x000000071a000000| Complete 

Card table byte_map: [0x00000187b9350000,0x00000187b9b00000] _byte_map_base: 0x00000187b5afa000

Marking Bits (Prev, Next): (CMBitMap*) 0x00000187a1aec680, (CMBitMap*) 0x00000187a1aec640
 Prev Bits: [0x00000187be000000, 0x00000187c1d50000)
 Next Bits: [0x00000187ba2b0000, 0x00000187be000000)

Polling page: 0x00000187a1250000

Metaspace:

Usage:
  Non-class:     23.28 MB used.
      Class:      3.02 MB used.
       Both:     26.30 MB used.

Virtual space:
  Non-class space:       64.00 MB reserved,      23.44 MB ( 37%) committed,  1 nodes.
      Class space:        1.00 GB reserved,       3.19 MB ( <1%) committed,  1 nodes.
             Both:        1.06 GB reserved,      26.62 MB (  2%) committed. 

Chunk freelists:
   Non-Class:  8.12 MB
       Class:  12.78 MB
        Both:  20.91 MB

MaxMetaspaceSize: unlimited
CompressedClassSpaceSize: 1.00 GB
Initial GC threshold: 21.00 MB
Current GC threshold: 35.31 MB
CDS: on
MetaspaceReclaimPolicy: balanced
 - commit_granule_bytes: 65536.
 - commit_granule_words: 8192.
 - virtual_space_node_default_size: 8388608.
 - enlarge_chunks_in_place: 1.
 - new_chunks_are_fully_committed: 0.
 - uncommit_free_chunks: 1.
 - use_allocation_guard: 0.
 - handle_deallocations: 1.


Internal statistics:

num_allocs_failed_limit: 3.
num_arena_births: 164.
num_arena_deaths: 0.
num_vsnodes_births: 2.
num_vsnodes_deaths: 0.
num_space_committed: 426.
num_space_uncommitted: 0.
num_chunks_returned_to_freelist: 3.
num_chunks_taken_from_freelist: 1135.
num_chunk_merges: 3.
num_chunk_splits: 783.
num_chunks_enlarged: 600.
num_inconsistent_stats: 0.

CodeHeap 'non-profiled nmethods': size=119168Kb used=2319Kb max_used=2854Kb free=116848Kb
 bounds [0x00000187b0ec0000, 0x00000187b1190000, 0x00000187b8320000]
CodeHeap 'profiled nmethods': size=119104Kb used=10046Kb max_used=12467Kb free=109057Kb
 bounds [0x00000187a9320000, 0x00000187a9f50000, 0x00000187b0770000]
CodeHeap 'non-nmethods': size=7488Kb used=2892Kb max_used=2947Kb free=4595Kb
 bounds [0x00000187b0770000, 0x00000187b0a60000, 0x00000187b0ec0000]
 total_blobs=5538 nmethods=5029 adapters=417
 compilation: enabled
              stopped_count=0, restarted_count=0
 full_count=0

Compilation events (20 events):
Event: 4.403 Thread 0x00000188061479d0 nmethod 5857 0x00000187a93b7910 code [0x00000187a93b7da0, 0x00000187a93b9bb8]
Event: 4.404 Thread 0x0000018806bdb5b0 nmethod 5781 0x00000187b0f37a90 code [0x00000187b0f37d40, 0x00000187b0f3a130]
Event: 4.406 Thread 0x00000188061479d0 5858       3       java.net.URI::isAbsolute (13 bytes)
Event: 4.406 Thread 0x00000188061479d0 nmethod 5858 0x00000187a9324a10 code [0x00000187a9324ba0, 0x00000187a9324d18]
Event: 4.410 Thread 0x0000018806144490 5859       3       java.io.File::isDirectory (34 bytes)
Event: 4.410 Thread 0x0000018806144490 nmethod 5859 0x00000187a95d1610 code [0x00000187a95d1800, 0x00000187a95d1d48]
Event: 4.412 Thread 0x0000018806bdb5b0 5860       4       jdk.internal.loader.URLClassPath$JarLoader::findResource (18 bytes)
Event: 4.414 Thread 0x000001880602bee0 5861       4       lombok.launch.ClassFileMetaData::decodeString (181 bytes)
Event: 4.422 Thread 0x000001880602bee0 nmethod 5861 0x00000187b0f41490 code [0x00000187b0f41640, 0x00000187b0f41e58]
Event: 4.422 Thread 0x000001880602bee0 5862       4       java.net.URLStreamHandler::parseURL (1201 bytes)
Event: 4.422 Thread 0x0000018806bdb5b0 nmethod 5860 0x00000187b0ffac90 code [0x00000187b0ffaf20, 0x00000187b0ffb930]
Event: 4.439 Thread 0x0000018806144490 5864       3       jdk.internal.loader.URLClassPath$FileLoader::findResource (18 bytes)
Event: 4.440 Thread 0x0000018806144490 nmethod 5864 0x00000187a9323510 code [0x00000187a93236c0, 0x00000187a9323938]
Event: 4.453 Thread 0x00000188061479d0 5865       3       java.net.URI::toString (16 bytes)
Event: 4.453 Thread 0x0000018806bdb5b0 5866       4       lombok.launch.ClassFileMetaData::readValue (27 bytes)
Event: 4.453 Thread 0x00000188061479d0 nmethod 5865 0x00000187a933c890 code [0x00000187a933ca40, 0x00000187a933cbc8]
Event: 4.454 Thread 0x0000018806bdb5b0 nmethod 5866 0x00000187b0fceb10 code [0x00000187b0fcec80, 0x00000187b0fced78]
Event: 4.454 Thread 0x0000018806bdb5b0 5867       4       lombok.launch.PackageShader::readValue (21 bytes)
Event: 4.454 Thread 0x0000018806bdb5b0 nmethod 5867 0x00000187b0fdca90 code [0x00000187b0fdcc00, 0x00000187b0fdccb8]
Event: 4.456 Thread 0x0000018806bdb5b0 5868       4       java.io.WinNTFileSystem::normalize (224 bytes)

GC Heap History (7 events):
Event: 0.632 GC heap before
{Heap before GC invocations=0 (full 0):
 garbage-first heap   total 251904K, used 20480K [0x000000070ac00000, 0x0000000800000000)
  region size 2048K, 11 young (22528K), 0 survivors (0K)
 Metaspace       used 5781K, committed 5952K, reserved 1114112K
  class space    used 674K, committed 768K, reserved 1048576K
}
Event: 0.637 GC heap after
{Heap after GC invocations=1 (full 0):
 garbage-first heap   total 251904K, used 3894K [0x000000070ac00000, 0x0000000800000000)
  region size 2048K, 2 young (4096K), 2 survivors (4096K)
 Metaspace       used 5781K, committed 5952K, reserved 1114112K
  class space    used 674K, committed 768K, reserved 1048576K
}
Event: 1.190 GC heap before
{Heap before GC invocations=1 (full 0):
 garbage-first heap   total 251904K, used 34614K [0x000000070ac00000, 0x0000000800000000)
  region size 2048K, 17 young (34816K), 2 survivors (4096K)
 Metaspace       used 9108K, committed 9280K, reserved 1114112K
  class space    used 1065K, committed 1152K, reserved 1048576K
}
Event: 1.194 GC heap after
{Heap after GC invocations=2 (full 0):
 garbage-first heap   total 251904K, used 5570K [0x000000070ac00000, 0x0000000800000000)
  region size 2048K, 1 young (2048K), 1 survivors (2048K)
 Metaspace       used 9108K, committed 9280K, reserved 1114112K
  class space    used 1065K, committed 1152K, reserved 1048576K
}
Event: 3.824 GC heap before
{Heap before GC invocations=2 (full 0):
 garbage-first heap   total 251904K, used 142786K [0x000000070ac00000, 0x0000000800000000)
  region size 2048K, 67 young (137216K), 1 survivors (2048K)
 Metaspace       used 21286K, committed 21504K, reserved 1114112K
  class space    used 2472K, committed 2560K, reserved 1048576K
}
Event: 3.839 GC heap after
{Heap after GC invocations=3 (full 0):
 garbage-first heap   total 251904K, used 22548K [0x000000070ac00000, 0x0000000800000000)
  region size 2048K, 8 young (16384K), 8 survivors (16384K)
 Metaspace       used 21286K, committed 21504K, reserved 1114112K
  class space    used 2472K, committed 2560K, reserved 1048576K
}
Event: 4.466 GC heap before
{Heap before GC invocations=4 (full 0):
 garbage-first heap   total 90112K, used 59412K [0x000000070ac00000, 0x0000000800000000)
  region size 2048K, 26 young (53248K), 8 survivors (16384K)
 Metaspace       used 26935K, committed 27264K, reserved 1114112K
  class space    used 3095K, committed 3264K, reserved 1048576K
}

Deoptimization events (20 events):
Event: 4.267 Thread 0x00000187a1a83ac0 Uncommon trap: trap_request=0xffffff45 fr.pc=0x00000187b115c6e0 relative=0x0000000000000060
Event: 4.267 Thread 0x00000187a1a83ac0 Uncommon trap: reason=unstable_if action=reinterpret pc=0x00000187b115c6e0 method=com.sun.tools.javac.jvm.PoolReader.sizeof(I)I @ 1 c2
Event: 4.267 Thread 0x00000187a1a83ac0 DEOPT PACKING pc=0x00000187b115c6e0 sp=0x00000039cdbfc7d0
Event: 4.267 Thread 0x00000187a1a83ac0 DEOPT UNPACKING pc=0x00000187b07c23a3 sp=0x00000039cdbfc760 mode 2
Event: 4.268 Thread 0x00000187a1a83ac0 Uncommon trap: trap_request=0xffffff45 fr.pc=0x00000187b1173210 relative=0x00000000000008b0
Event: 4.268 Thread 0x00000187a1a83ac0 Uncommon trap: reason=unstable_if action=reinterpret pc=0x00000187b1173210 method=jdk.internal.jimage.ImageStringsReader.stringFromByteBuffer(Ljava/nio/ByteBuffer;I)Ljava/lang/String; @ 7 c2
Event: 4.268 Thread 0x00000187a1a83ac0 DEOPT PACKING pc=0x00000187b1173210 sp=0x00000039cdbfc170
Event: 4.268 Thread 0x00000187a1a83ac0 DEOPT UNPACKING pc=0x00000187b07c23a3 sp=0x00000039cdbfc000 mode 2
Event: 4.268 Thread 0x00000187a1a83ac0 Uncommon trap: trap_request=0xffffff45 fr.pc=0x00000187b1170778 relative=0x00000000000007b8
Event: 4.268 Thread 0x00000187a1a83ac0 Uncommon trap: reason=unstable_if action=reinterpret pc=0x00000187b1170778 method=jdk.internal.jimage.ImageStringsReader.stringFromByteBuffer(Ljava/nio/ByteBuffer;I)Ljava/lang/String; @ 7 c2
Event: 4.268 Thread 0x00000187a1a83ac0 DEOPT PACKING pc=0x00000187b1170778 sp=0x00000039cdbfbfe0
Event: 4.268 Thread 0x00000187a1a83ac0 DEOPT UNPACKING pc=0x00000187b07c23a3 sp=0x00000039cdbfbf98 mode 2
Event: 4.319 Thread 0x00000187a1a83ac0 Uncommon trap: trap_request=0xffffff45 fr.pc=0x00000187b11721ec relative=0x000000000000082c
Event: 4.319 Thread 0x00000187a1a83ac0 Uncommon trap: reason=unstable_if action=reinterpret pc=0x00000187b11721ec method=jdk.internal.jimage.ImageStringsReader.stringFromByteBuffer(Ljava/nio/ByteBuffer;I)Ljava/lang/String; @ 7 c2
Event: 4.319 Thread 0x00000187a1a83ac0 DEOPT PACKING pc=0x00000187b11721ec sp=0x00000039cdbfbfc0
Event: 4.319 Thread 0x00000187a1a83ac0 DEOPT UNPACKING pc=0x00000187b07c23a3 sp=0x00000039cdbfbf10 mode 2
Event: 4.426 Thread 0x00000187a1a83ac0 Uncommon trap: trap_request=0xffffff45 fr.pc=0x00000187b1021ba8 relative=0x00000000000008a8
Event: 4.426 Thread 0x00000187a1a83ac0 Uncommon trap: reason=unstable_if action=reinterpret pc=0x00000187b1021ba8 method=java.util.HashMap.hash(Ljava/lang/Object;)I @ 1 c2
Event: 4.426 Thread 0x00000187a1a83ac0 DEOPT PACKING pc=0x00000187b1021ba8 sp=0x00000039cdbfbc00
Event: 4.426 Thread 0x00000187a1a83ac0 DEOPT UNPACKING pc=0x00000187b07c23a3 sp=0x00000039cdbfba48 mode 2

Classes unloaded (0 events):
No events

Classes redefined (0 events):
No events

Internal exceptions (20 events):
Event: 4.329 Thread 0x00000187a1a83ac0 Exception <a 'sun/nio/fs/WindowsException'{0x000000070d5d6478}> (0x000000070d5d6478) 
thrown [s\open\src\hotspot\share\prims\jni.cpp, line 516]
Event: 4.330 Thread 0x00000187a1a83ac0 Exception <a 'sun/nio/fs/WindowsException'{0x000000070d5d7e40}> (0x000000070d5d7e40) 
thrown [s\open\src\hotspot\share\prims\jni.cpp, line 516]
Event: 4.330 Thread 0x00000187a1a83ac0 Exception <a 'sun/nio/fs/WindowsException'{0x000000070d5d8198}> (0x000000070d5d8198) 
thrown [s\open\src\hotspot\share\prims\jni.cpp, line 516]
Event: 4.337 Thread 0x00000187a1a83ac0 Exception <a 'sun/nio/fs/WindowsException'{0x000000070d205d98}> (0x000000070d205d98) 
thrown [s\open\src\hotspot\share\prims\jni.cpp, line 516]
Event: 4.337 Thread 0x00000187a1a83ac0 Exception <a 'sun/nio/fs/WindowsException'{0x000000070d206118}> (0x000000070d206118) 
thrown [s\open\src\hotspot\share\prims\jni.cpp, line 516]
Event: 4.338 Thread 0x00000187a1a83ac0 Exception <a 'sun/nio/fs/WindowsException'{0x000000070d2131f0}> (0x000000070d2131f0) 
thrown [s\open\src\hotspot\share\prims\jni.cpp, line 516]
Event: 4.338 Thread 0x00000187a1a83ac0 Exception <a 'sun/nio/fs/WindowsException'{0x000000070d213520}> (0x000000070d213520) 
thrown [s\open\src\hotspot\share\prims\jni.cpp, line 516]
Event: 4.339 Thread 0x00000187a1a83ac0 Exception <a 'sun/nio/fs/WindowsException'{0x000000070d23f9c0}> (0x000000070d23f9c0) 
thrown [s\open\src\hotspot\share\prims\jni.cpp, line 516]
Event: 4.339 Thread 0x00000187a1a83ac0 Exception <a 'sun/nio/fs/WindowsException'{0x000000070d23fd40}> (0x000000070d23fd40) 
thrown [s\open\src\hotspot\share\prims\jni.cpp, line 516]
Event: 4.339 Thread 0x00000187a1a83ac0 Exception <a 'sun/nio/fs/WindowsException'{0x000000070d241268}> (0x000000070d241268) 
thrown [s\open\src\hotspot\share\prims\jni.cpp, line 516]
Event: 4.339 Thread 0x00000187a1a83ac0 Exception <a 'sun/nio/fs/WindowsException'{0x000000070d241670}> (0x000000070d241670) 
thrown [s\open\src\hotspot\share\prims\jni.cpp, line 516]
Event: 4.343 Thread 0x00000187a1a83ac0 Exception <a 'sun/nio/fs/WindowsException'{0x000000070d24eba8}> (0x000000070d24eba8) 
thrown [s\open\src\hotspot\share\prims\jni.cpp, line 516]
Event: 4.343 Thread 0x00000187a1a83ac0 Exception <a 'sun/nio/fs/WindowsException'{0x000000070d24ef38}> (0x000000070d24ef38) 
thrown [s\open\src\hotspot\share\prims\jni.cpp, line 516]
Event: 4.343 Thread 0x00000187a1a83ac0 Exception <a 'sun/nio/fs/WindowsException'{0x000000070d2522c0}> (0x000000070d2522c0) 
thrown [s\open\src\hotspot\share\prims\jni.cpp, line 516]
Event: 4.343 Thread 0x00000187a1a83ac0 Exception <a 'sun/nio/fs/WindowsException'{0x000000070d252610}> (0x000000070d252610) 
thrown [s\open\src\hotspot\share\prims\jni.cpp, line 516]
Event: 4.344 Thread 0x00000187a1a83ac0 Exception <a 'sun/nio/fs/WindowsException'{0x000000070d25a2b0}> (0x000000070d25a2b0) 
thrown [s\open\src\hotspot\share\prims\jni.cpp, line 516]
Event: 4.344 Thread 0x00000187a1a83ac0 Exception <a 'sun/nio/fs/WindowsException'{0x000000070d25a640}> (0x000000070d25a640) 
thrown [s\open\src\hotspot\share\prims\jni.cpp, line 516]
Event: 4.344 Thread 0x00000187a1a83ac0 Exception <a 'sun/nio/fs/WindowsException'{0x000000070d25bb78}> (0x000000070d25bb78) 
thrown [s\open\src\hotspot\share\prims\jni.cpp, line 516]
Event: 4.344 Thread 0x00000187a1a83ac0 Exception <a 'sun/nio/fs/WindowsException'{0x000000070d25bf98}> (0x000000070d25bf98) 
thrown [s\open\src\hotspot\share\prims\jni.cpp, line 516]
Event: 4.426 Thread 0x00000187a1a83ac0 Implicit null exception at 0x00000187b1021371 to 0x00000187b1021b88

VM Operations (20 events):
Event: 3.850 Executing VM operation: G1Concurrent done
Event: 3.851 Executing VM operation: G1Concurrent
Event: 3.856 Executing VM operation: G1Concurrent done
Event: 4.187 Executing VM operation: HandshakeAllThreads
Event: 4.187 Executing VM operation: HandshakeAllThreads done
Event: 4.188 Executing VM operation: HandshakeAllThreads
Event: 4.188 Executing VM operation: HandshakeAllThreads done
Event: 4.265 Executing VM operation: ICBufferFull
Event: 4.265 Executing VM operation: ICBufferFull done
Event: 4.269 Executing VM operation: HandshakeAllThreads
Event: 4.269 Executing VM operation: HandshakeAllThreads done
Event: 4.360 Executing VM operation: HandshakeAllThreads
Event: 4.360 Executing VM operation: HandshakeAllThreads done
Event: 4.364 Executing VM operation: HandshakeAllThreads
Event: 4.364 Executing VM operation: HandshakeAllThreads done
Event: 4.378 Executing VM operation: HandshakeAllThreads
Event: 4.378 Executing VM operation: HandshakeAllThreads done
Event: 4.392 Executing VM operation: HandshakeAllThreads
Event: 4.392 Executing VM operation: HandshakeAllThreads done
Event: 4.466 Executing VM operation: G1CollectForAllocation

Events (20 events):
Event: 4.400 Thread 0x0000018806040e40 flushing nmethod 0x00000187a9e4b790
Event: 4.400 Thread 0x0000018806040e40 flushing nmethod 0x00000187a9e4bc90
Event: 4.400 Thread 0x0000018806040e40 flushing nmethod 0x00000187a9e4ce90
Event: 4.400 Thread 0x0000018806040e40 flushing nmethod 0x00000187a9e50190
Event: 4.400 Thread 0x0000018806040e40 flushing nmethod 0x00000187a9e5a290
Event: 4.400 Thread 0x0000018806040e40 flushing nmethod 0x00000187a9e64910
Event: 4.400 Thread 0x0000018806040e40 flushing nmethod 0x00000187a9e75f90
Event: 4.400 Thread 0x0000018806040e40 flushing nmethod 0x00000187a9e92310
Event: 4.400 Thread 0x0000018806040e40 flushing nmethod 0x00000187a9e96d10
Event: 4.401 Thread 0x0000018806040e40 flushing nmethod 0x00000187a9ea1b10
Event: 4.401 Thread 0x0000018806040e40 flushing nmethod 0x00000187a9eac490
Event: 4.401 Thread 0x0000018806040e40 flushing nmethod 0x00000187a9ec7c10
Event: 4.401 Thread 0x0000018806040e40 flushing nmethod 0x00000187a9edbb90
Event: 4.401 Thread 0x0000018806040e40 flushing nmethod 0x00000187a9f0e210
Event: 4.434 loading class java/lang/LayerInstantiationException
Event: 4.434 loading class java/lang/LayerInstantiationException done
Event: 4.434 loading class jdk/internal/loader/Loader
Event: 4.434 loading class jdk/internal/loader/Loader done
Event: 4.435 loading class java/lang/Class$EnclosingMethodInfo
Event: 4.435 loading class java/lang/Class$EnclosingMethodInfo done


Dynamic libraries:
0x00007ff7e3250000 - 0x00007ff7e3260000 	C:\Program Files\Java\jdk-17\bin\java.exe
0x00007ffcda0f0000 - 0x00007ffcda307000 	C:\WINDOWS\SYSTEM32\ntdll.dll
0x00007ffcd9660000 - 0x00007ffcd9724000 	C:\WINDOWS\System32\KERNEL32.DLL
0x00007ffcd79d0000 - 0x00007ffcd7d7d000 	C:\WINDOWS\System32\KERNELBASE.dll
0x00007ffcd7420000 - 0x00007ffcd7531000 	C:\WINDOWS\System32\ucrtbase.dll
0x00007ffcc03c0000 - 0x00007ffcc03d9000 	C:\Program Files\Java\jdk-17\bin\jli.dll
0x00007ffcc08d0000 - 0x00007ffcc08eb000 	C:\Program Files\Java\jdk-17\bin\VCRUNTIME140.dll
0x00007ffcd89c0000 - 0x00007ffcd8a72000 	C:\WINDOWS\System32\ADVAPI32.dll
0x00007ffcd9bd0000 - 0x00007ffcd9c77000 	C:\WINDOWS\System32\msvcrt.dll
0x00007ffcd8910000 - 0x00007ffcd89b9000 	C:\WINDOWS\System32\sechost.dll
0x00007ffcd7e00000 - 0x00007ffcd7e28000 	C:\WINDOWS\System32\bcrypt.dll
0x00007ffcd7e30000 - 0x00007ffcd7f44000 	C:\WINDOWS\System32\RPCRT4.dll
0x00007ffcd9c90000 - 0x00007ffcd9e3e000 	C:\WINDOWS\System32\USER32.dll
0x00007ffcd7720000 - 0x00007ffcd7746000 	C:\WINDOWS\System32\win32u.dll
0x00007ffcbb400000 - 0x00007ffcbb693000 	C:\WINDOWS\WinSxS\amd64_microsoft.windows.common-controls_6595b64144ccf1df_6.0.22621.3672_none_2713b9d173822955\COMCTL32.dll
0x00007ffcda050000 - 0x00007ffcda079000 	C:\WINDOWS\System32\GDI32.dll
0x00007ffcd7750000 - 0x00007ffcd7869000 	C:\WINDOWS\System32\gdi32full.dll
0x00007ffcd7930000 - 0x00007ffcd79ca000 	C:\WINDOWS\System32\msvcp_win.dll
0x00007ffcccad0000 - 0x00007ffcccada000 	C:\WINDOWS\SYSTEM32\VERSION.dll
0x00007ffcd9620000 - 0x00007ffcd9651000 	C:\WINDOWS\System32\IMM32.DLL
0x00007ffcc0770000 - 0x00007ffcc077c000 	C:\Program Files\Java\jdk-17\bin\vcruntime140_1.dll
0x00007ffca7ac0000 - 0x00007ffca7b4e000 	C:\Program Files\Java\jdk-17\bin\msvcp140.dll
0x00007ffcae480000 - 0x00007ffcaf061000 	C:\Program Files\Java\jdk-17\bin\server\jvm.dll
0x00007ffcda080000 - 0x00007ffcda088000 	C:\WINDOWS\System32\PSAPI.DLL
0x00007ffcae470000 - 0x00007ffcae479000 	C:\WINDOWS\SYSTEM32\WSOCK32.dll
0x00007ffcd1b10000 - 0x00007ffcd1b44000 	C:\WINDOWS\SYSTEM32\WINMM.dll
0x00007ffcd9e40000 - 0x00007ffcd9eb1000 	C:\WINDOWS\System32\WS2_32.dll
0x00007ffcd6450000 - 0x00007ffcd6468000 	C:\WINDOWS\SYSTEM32\kernel.appcore.dll
0x00007ffcaf350000 - 0x00007ffcaf35a000 	C:\Program Files\Java\jdk-17\bin\jimage.dll
0x00007ffccb850000 - 0x00007ffccba82000 	C:\WINDOWS\SYSTEM32\DBGHELP.DLL
0x00007ffcd8e00000 - 0x00007ffcd9188000 	C:\WINDOWS\System32\combase.dll
0x00007ffcd9330000 - 0x00007ffcd9407000 	C:\WINDOWS\System32\OLEAUT32.dll
0x00007ffcb13d0000 - 0x00007ffcb1402000 	C:\WINDOWS\SYSTEM32\dbgcore.DLL
0x00007ffcd7d80000 - 0x00007ffcd7dfb000 	C:\WINDOWS\System32\bcryptPrimitives.dll
0x00007ffcb8a90000 - 0x00007ffcb8a9e000 	C:\Program Files\Java\jdk-17\bin\instrument.dll
0x00007ffcae380000 - 0x00007ffcae3a5000 	C:\Program Files\Java\jdk-17\bin\java.dll
0x00007ffcae030000 - 0x00007ffcae107000 	C:\Program Files\Java\jdk-17\bin\jsvml.dll
0x00007ffcd8050000 - 0x00007ffcd88af000 	C:\WINDOWS\System32\SHELL32.dll
0x00007ffcd5330000 - 0x00007ffcd5c2c000 	C:\WINDOWS\SYSTEM32\windows.storage.dll
0x00007ffcd51f0000 - 0x00007ffcd532f000 	C:\WINDOWS\SYSTEM32\wintypes.dll
0x00007ffcd9190000 - 0x00007ffcd9284000 	C:\WINDOWS\System32\SHCORE.dll
0x00007ffcd88b0000 - 0x00007ffcd890e000 	C:\WINDOWS\System32\shlwapi.dll
0x00007ffcd7350000 - 0x00007ffcd7371000 	C:\WINDOWS\SYSTEM32\profapi.dll
0x00007ffcaa690000 - 0x00007ffcaa6a8000 	C:\Program Files\Java\jdk-17\bin\zip.dll
0x00007ffcaac70000 - 0x00007ffcaac89000 	C:\Program Files\Java\jdk-17\bin\net.dll
0x00007ffcd3070000 - 0x00007ffcd31a6000 	C:\WINDOWS\SYSTEM32\WINHTTP.dll
0x00007ffcd6920000 - 0x00007ffcd6989000 	C:\WINDOWS\system32\mswsock.dll
0x00007ffcaac50000 - 0x00007ffcaac66000 	C:\Program Files\Java\jdk-17\bin\nio.dll
0x00007ffcb2110000 - 0x00007ffcb212a000 	C:\Users\arang\AppData\Local\Programs\IntelliJ IDEA Community Edition\bin\breakgen64.dll
0x0000000069ac0000 - 0x0000000069ae4000 	C:\Users\arang\AppData\Local\Temp\jansi-2.4.0-a3627f03199ed61b-jansi.dll
0x00007ffcba0e0000 - 0x00007ffcba0f0000 	C:\Program Files\Java\jdk-17\bin\verify.dll

dbghelp: loaded successfully - version: 4.0.5 - missing functions: none
symbol engine: initialized successfully - sym options: 0x614 - pdb path: .;C:\Program Files\Java\jdk-17\bin;C:\WINDOWS\SYSTEM32;C:\WINDOWS\WinSxS\amd64_microsoft.windows.common-controls_6595b64144ccf1df_6.0.22621.3672_none_2713b9d173822955;C:\Program Files\Java\jdk-17\bin\server;C:\Users\arang\AppData\Local\Programs\IntelliJ IDEA Community Edition\bin;C:\Users\arang\AppData\Local\Temp

VM Arguments:
jvm_args: -Dmaven.multiModuleProjectDirectory=D:\Project\peiziChat\XMPP R&D\xmppProjectSample -Djansi.passthrough=true -Dmaven.home=C:\Users\arang\AppData\Local\Programs\IntelliJ IDEA Community Edition\plugins\maven\lib\maven3 -Dclassworlds.conf=C:\Users\arang\AppData\Local\Programs\IntelliJ IDEA Community Edition\plugins\maven\lib\maven3\bin\m2.conf -Dmaven.ext.class.path=C:\Users\arang\AppData\Local\Programs\IntelliJ IDEA Community Edition\plugins\maven\lib\maven-event-listener.jar -javaagent:C:\Users\arang\AppData\Local\Programs\IntelliJ IDEA Community Edition\lib\idea_rt.jar=51171:C:\Users\arang\AppData\Local\Programs\IntelliJ IDEA Community Edition\bin -Dfile.encoding=UTF-8 
java_command: org.codehaus.classworlds.Launcher -Didea.version=2024.1.4 install
java_class_path (initial): C:\Users\arang\AppData\Local\Programs\IntelliJ IDEA Community Edition\plugins\maven\lib\maven3\boot\plexus-classworlds-2.7.0.jar;C:\Users\arang\AppData\Local\Programs\IntelliJ IDEA Community Edition\plugins\maven\lib\maven3\boot\plexus-classworlds.license
Launcher Type: SUN_STANDARD

[Global flags]
     intx CICompilerCount                          = 12                                        {product} {ergonomic}
     uint ConcGCThreads                            = 3                                         {product} {ergonomic}
     uint G1ConcRefinementThreads                  = 13                                        {product} {ergonomic}
   size_t G1HeapRegionSize                         = 2097152                                   {product} {ergonomic}
    uintx GCDrainStackTargetSize                   = 64                                        {product} {ergonomic}
   size_t InitialHeapSize                          = 257949696                                 {product} {ergonomic}
   size_t MarkStackSize                            = 4194304                                   {product} {ergonomic}
   size_t MaxHeapSize                              = 4114612224                                {product} {ergonomic}
   size_t MaxNewSize                               = 2468347904                                {product} {ergonomic}
   size_t MinHeapDeltaBytes                        = 2097152                                   {product} {ergonomic}
   size_t MinHeapSize                              = 8388608                                   {product} {ergonomic}
    uintx NonNMethodCodeHeapSize                   = 7602480                                {pd product} {ergonomic}
    uintx NonProfiledCodeHeapSize                  = 122027880                              {pd product} {ergonomic}
    uintx ProfiledCodeHeapSize                     = 122027880                              {pd product} {ergonomic}
    uintx ReservedCodeCacheSize                    = 251658240                              {pd product} {ergonomic}
     bool SegmentedCodeCache                       = true                                      {product} {ergonomic}
   size_t SoftMaxHeapSize                          = 4114612224                             {manageable} {ergonomic}
     bool UseCompressedClassPointers               = true                           {product lp64_product} {ergonomic}
     bool UseCompressedOops                        = true                           {product lp64_product} {ergonomic}
     bool UseG1GC                                  = true                                      {product} {ergonomic}
     bool UseLargePagesIndividualAllocation        = false                                  {pd product} {ergonomic}

Logging:
Log output configuration:
 #0: stdout all=warning uptime,level,tags
 #1: stderr all=off uptime,level,tags

Environment Variables:
JAVA_HOME=C:\Program Files\Java\jdk-17
PATH=C:\Python312\Scripts\;C:\Python312\;C:\Program Files\Java\jdk-17\bin;C:\Program Files\Java\jdk-17\bin;C:\Program Files\Common Files\Oracle\Java\javapath;C:\Program Files (x86)\Common Files\Oracle\Java\java8path;C:\Program Files (x86)\Common Files\Oracle\Java\javapath;C:\WINDOWS\system32;C:\WINDOWS;C:\WINDOWS\System32\Wbem;C:\WINDOWS\System32\WindowsPowerShell\v1.0\;C:\WINDOWS\System32\OpenSSH\;C:\Program Files\apache-maven-3.9.4\bin;C:\Program Files\MySQL\MySQL Server 8.0\bin;C:\Program Files\dotnet\;C:\Program Files\MongoDB\Server\7.0\bin;C:\Program Files\MongoDB\mongosh-2.2.2-win32-x64\bin;D:\Project\peiziChat\rocketmq-all-5.2.0-bin-release\bin;C:\apache-tomcat-9.0.87\bin;C:\Program Files\nodejs\;C:\ProgramData\chocolatey\bin;C:\Program Files\Git\cmd;C:\Program Files\Tailscale\;C:\Program Files\MySQL\MySQL Shell 8.0\bin\;C:\Users\arang\AppData\Local\Microsoft\WindowsApps;C:\Users\arang\AppData\Local\JetBrains\Toolbox\scripts;C:\Users\arang\AppData\Local\Programs\Microsoft VS Code\bin;C:\Users\arang\.dotnet\tools;C:\Users\arang\AppData\Local\Programs\mongosh\;C:\Users\arang\AppData\Roaming\npm
USERNAME=arang
OS=Windows_NT
PROCESSOR_IDENTIFIER=AMD64 Family 23 Model 104 Stepping 1, AuthenticAMD



---------------  S Y S T E M  ---------------

OS:
 Windows 11 , 64 bit Build 22621 (10.0.22621.3672)
OS uptime: 0 days 6:58 hours
Hyper-V role detected

CPU: total 16 (initial active 16) (16 cores per cpu, 2 threads per core) family 23 model 104 stepping 1 microcode 0x0, cx8, cmov, fxsr, ht, mmx, 3dnowpref, sse, sse2, sse3, ssse3, sse4a, sse4.1, sse4.2, popcnt, lzcnt, tsc, tscinvbit, avx, avx2, aes, clmul, bmi1, bmi2, adx, sha, fma, vzeroupper, clflush, clflushopt, hv

Memory: 4k page, system-wide physical 15693M (2113M free)
TotalPageFile size 31387M (AvailPageFile size 6379M)
current process WorkingSet (physical memory assigned to process): 226M, peak: 269M
current process commit charge ("private bytes"): 277M, peak: 419M

vm_info: Java HotSpot(TM) 64-Bit Server VM (17.0.9+11-LTS-201) for windows-amd64 JRE (17.0.9+11-LTS-201), built on Oct 10 2023 23:16:06 by "mach5one" with MS VC++ 17.1 (VS2022)

END.
